<?xml version="1.0" encoding="UTF-8"?>
<testng-results ignored="0" total="0" passed="0" failed="0" skipped="0">
  <reporter-output>
  </reporter-output>
  <suite started-at="2019-10-30T21:59:59 PKT" name="Gradle suite" finished-at="2019-10-30T22:00:00 PKT" duration-ms="321">
    <groups>
      <group name="cucumber">
        <method signature="AbstractTestNGCucumberTests.runScenario(io.cucumber.testng.PickleEventWrapper, io.cucumber.testng.CucumberFeatureWrapper)[pri:0, instance:test_runner.BddRunner@3d32751d]" name="runScenario" class="io.cucumber.testng.AbstractTestNGCucumberTests"/>
      </group> <!-- cucumber -->
    </groups>
    <test started-at="2019-10-30T21:59:59 PKT" name="Gradle test" finished-at="2019-10-30T22:00:00 PKT" duration-ms="321">
      <class name="test_runner.BddRunner">
        <test-method is-config="true" signature="setUpClass()[pri:0, instance:test_runner.BddRunner@3d32751d]" started-at="2019-10-30T22:00:00 PKT" name="setUpClass" finished-at="2019-10-30T22:00:00 PKT" duration-ms="192" status="PASS">
          <reporter-output>
          </reporter-output>
        </test-method> <!-- setUpClass -->
        <test-method is-config="true" signature="tearDownClass()[pri:0, instance:test_runner.BddRunner@3d32751d]" started-at="2019-10-30T22:00:00 PKT" name="tearDownClass" finished-at="2019-10-30T22:00:00 PKT" duration-ms="5" status="PASS">
          <reporter-output>
          </reporter-output>
        </test-method> <!-- tearDownClass -->
      </class> <!-- test_runner.BddRunner -->
    </test> <!-- Gradle test -->
  </suite> <!-- Gradle suite -->
</testng-results>
